Build started 7/14/2015 8:34:08.
     1>Project "X:\SkyDrive\9th Grade\Geometry\House\House\House.vcxproj" on node 2 (Build target(s)).
     1>ClCompile:
         C:\Program Files (x86)\Microsoft Visual Studio 12.0\VC\bin\CL.exe /c /ZI /nologo /W3 /WX- /sdl /Od /Oy- /D WIN32 /D _DEBUG /D _CONSOLE /D _LIB /D _UNICODE /D UNICODE /Gm /EHsc /RTC1 /MDd /GS /fp:precise /Zc:wchar_t /Zc:forScope /Fo"Debug\\" /Fd"Debug\vc120.pdb" /Gd /TP /analyze- /errorReport:prompt Main.cpp
         Main.cpp
     1>x:\skydrive\9th grade\geometry\house\house\definitions.h(7): warning C4305: 'initializing' : truncation from 'double' to 'const float'
     1>x:\skydrive\9th grade\geometry\house\house\definitions.h(11): warning C4244: 'initializing' : conversion from 'float' to 'const int', possible loss of data
     1>x:\skydrive\9th grade\geometry\house\house\definitions.h(12): warning C4244: 'initializing' : conversion from 'double' to 'const float', possible loss of data
     1>x:\skydrive\9th grade\geometry\house\house\definitions.h(16): warning C4244: 'initializing' : conversion from 'double' to 'const float', possible loss of data
     1>x:\skydrive\9th grade\geometry\house\house\definitions.h(19): warning C4244: 'initializing' : conversion from 'double' to 'const float', possible loss of data
     1>x:\skydrive\9th grade\geometry\house\house\definitions.h(20): warning C4244: 'initializing' : conversion from 'double' to 'const float', possible loss of data
     1>x:\skydrive\9th grade\geometry\house\house\definitions.h(21): warning C4244: 'initializing' : conversion from 'double' to 'const float', possible loss of data
     1>x:\skydrive\9th grade\geometry\house\house\definitions.h(22): warning C4244: 'initializing' : conversion from 'double' to 'const float', possible loss of data
     1>x:\skydrive\9th grade\geometry\house\house\intro text manager.h(10): warning C4018: '<' : signed/unsigned mismatch
     1>x:\skydrive\9th grade\geometry\house\house\intro text manager.h(21): warning C4018: '<' : signed/unsigned mismatch
     1>x:\skydrive\9th grade\geometry\house\house\intro text manager.h(31): warning C4018: '<' : signed/unsigned mismatch
     1>x:\skydrive\9th grade\geometry\house\house\intro text manager.h(41): warning C4018: '<' : signed/unsigned mismatch
     1>x:\skydrive\9th grade\geometry\house\house\intro text manager.h(51): warning C4018: '<' : signed/unsigned mismatch
     1>x:\skydrive\9th grade\geometry\house\house\intro text manager.h(61): warning C4018: '<' : signed/unsigned mismatch
       Link:
         C:\Program Files (x86)\Microsoft Visual Studio 12.0\VC\bin\link.exe /ERRORREPORT:PROMPT /OUT:"X:\SkyDrive\9th Grade\Geometry\House\Debug\House.exe" /INCREMENTAL /NOLOGO kernel32.lib user32.lib gdi32.lib winspool.lib comdlg32.lib advapi32.lib shell32.lib ole32.lib oleaut32.lib uuid.lib odbc32.lib odbccp32.lib /MANIFEST /MANIFESTUAC:"level='asInvoker' uiAccess='false'" /manifest:embed /DEBUG /PDB:"X:\SkyDrive\9th Grade\Geometry\House\Debug\House.pdb" /SUBSYSTEM:CONSOLE /TLBID:1 /DYNAMICBASE /NXCOMPAT /IMPLIB:"X:\SkyDrive\9th Grade\Geometry\House\Debug\House.lib" /MACHINE:X86 Debug\Main.obj
         House.vcxproj -> X:\SkyDrive\9th Grade\Geometry\House\Debug\House.exe
     1>Done Building Project "X:\SkyDrive\9th Grade\Geometry\House\House\House.vcxproj" (Build target(s)).

Build succeeded.

Time Elapsed 00:00:44.93
